 maxL 0

0 31 71
1 108 129
 maxL 40

2 133 224
3 193 198
4 237 301
5 243 248
6 277 322
7 318 381
8 404 416
9 431 439
10 453 480
11 473 481
12 478 566
13 559 628
14 574 606
15 689 721
 maxL 91

16 707 799
17 749 772
18 761 822
19 816 834
20 817 868
21 825 869
22 862 895
23 892 982
24 904 909
25 908 932
 maxL 92

26 942 1042
27 949 984
28 960 967
29 974 997
30 1020 1032
31 1107 1146
32 1116 1180
33 1152 1203
34 1181 1209
35 1280 1317
36 1289 1307
37 1369 1445
38 1391 1462
39 1450 1451
40 1456 1460
41 1467 1488
42 1496 1525
43 1547 1632
44 1562 1591
45 1567 1626
46 1603 1659
47 1609 1667
48 1631 1643
49 1680 1727
50 1691 1697
51 1720 1814
52 1795 1867
53 1873 1962
54 1876 1925
55 1900 1982
56 1915 1992
57 1917 1971
58 1963 2031
59 1981 2072
60 2009 2035
61 2042 2060
62 2052 2067
63 2065 2134
64 2084 2159
65 2096 2103
66 2114 2177
67 2144 2198
68 2178 2214
69 2210 2240
70 2236 2251
71 2288 2322
72 2326 2373
73 2334 2411
74 2380 2406
75 2451 2482
76 2459 2506
77 2491 2501
78 2538 2617
79 2590 2658
80 2603 2660
81 2613 2702
82 2651 2692
83 2697 2765
84 2724 2726
85 2748 2776
86 2795 2894
87 2829 2833
88 2925 2990
89 2985 3033
90 3037 3130
91 3072 3093
92 3076 3078
93 3100 3187
94 3115 3204
95 3124 3165
96 3137 3187
97 3173 3273
98 3183 3216
99 3210 3239
100 3253 3331
101 3309 3347
102 3319 3377
103 3334 3411
104 3353 3441
105 3379 3456
106 3381 3447
107 3421 3466
108 3446 3488
109 3465 3548
110 3523 3592
111 3531 3617
112 3533 3576
113 3594 3625
114 3625 3643
115 3633 3684
116 3655 3724
117 3663 3700
118 3678 3778
119 3697 3744
120 3751 3829
121 3772 3798
122 3779 3864
123 3791 3870
124 3827 3853
125 3832 3909
126 3884 3892
127 3897 3927
128 3898 3949
129 3987 3990
130 4013 4072
131 4067 4073
132 4105 4205
133 4115 4173
134 4141 4203
135 4227 4327
136 4246 4311
137 4254 4277
138 4294 4320
139 4305 4311
140 4315 4396
141 4323 4401
142 4350 4421
143 4359 4373
144 4447 4450
145 4486 4489
146 4561 4570
147 4618 4671
148 4634 4713
149 4663 4688
150 4714 4747
151 4732 4751
152 4753 4763
153 4769 4838
154 4856 4886
155 4933 4983
156 4941 5037
157 4943 5030
158 5001 5003
159 5044 5103
160 5045 5115
161 5102 5141
162 5130 5189
163 5133 5160
164 5135 5145
165 5166 5261
166 5177 5178
167 5211 5220
168 5218 5231
169 5272 5332
170 5276 5321
171 5304 5316
172 5344 5441
173 5365 5450
174 5402 5481
175 5457 5496
176 5477 5501
177 5604 5674
178 5639 5727
179 5706 5746
180 5776 5822
181 5800 5804
182 5838 5857
183 5876 5894
184 5902 5961
185 5903 5983
186 5939 6031
187 5961 5975
188 5982 6034
189 5992 6057
190 5998 6078
191 6039 6073
192 6059 6152
193 6147 6207
194 6166 6192
195 6203 6286
196 6203 6221
197 6214 6242
198 6219 6295
199 6256 6272
200 6263 6308
201 6310 6343
202 6402 6475
203 6451 6549
204 6510 6585
205 6511 6605
206 6526 6558
207 6543 6575
208 6610 6638
209 6619 6642
210 6667 6712
211 6707 6731
212 6709 6736
213 6745 6841
214 6775 6874
215 6861 6890
216 6880 6956
217 6887 6909
218 6937 6962
219 6950 6983
220 6957 6976
221 6959 7059
222 6961 7007
223 6964 7056
224 7017 7054
225 7026 7068
226 7070 7106
227 7071 7075
228 7077 7140
229 7096 7108
230 7109 7196
231 7126 7172
232 7127 7195
233 7176 7197
234 7198 7249
235 7204 7241
236 7251 7343
237 7251 7294
238 7301 7313
239 7335 7385
240 7356 7428
241 7410 7462
242 7493 7505
243 7585 7594
244 7599 7674
245 7646 7691
246 7666 7739
247 7670 7717
248 7710 7803
249 7719 7814
250 7796 7798
251 7868 7884
252 7890 7985
253 7900 7923
254 7965 8023
255 7981 8031
256 8001 8096
257 8014 8047
258 8029 8074
259 8051 8125
260 8083 8104
261 8106 8142
262 8137 8204
263 8143 8173
264 8163 8246
265 8207 8225
266 8275 8281
267 8301 8371
268 8327 8354
269 8332 8411
270 8351 8362
271 8392 8439
272 8408 8446
273 8420 8453
274 8426 8443
275 8449 8474
276 8478 8565
277 8522 8595
278 8529 8549
279 8551 8651
280 8578 8674
281 8600 8624
282 8602 8640
283 8643 8656
284 8644 8648
285 8657 8740
286 8771 8812
287 8826 8898
288 8838 8853
289 8899 8926
290 8917 8949
291 9112 9124
292 9119 9125
293 9190 9253
294 9255 9342
295 9258 9304
296 9260 9312
297 9267 9282
298 9352 9440
299 9363 9373
300 9388 9404
301 9464 9473
302 9465 9507
303 9495 9542
304 9503 9573
305 9556 9595
306 9589 9664
307 9619 9659
308 9625 9689
309 9637 9689
310 9650 9711
311 9651 9677
312 9708 9745
313 9863 9944
314 9866 9962
315 9978 10053
316 9985 10046
317 10099 10176
318 10159 10176
319 10187 10240
320 10188 10256
321 10193 10261
322 10210 10270
323 10230 10257
324 10236 10295
325 10243 10335
326 10408 10504
327 10422 10505
328 10496 10498
329 10528 10546
330 10631 10704
331 10657 10671
332 10696 10697
333 10709 10808
334 10726 10775
335 10825 10892
336 10835 10838
337 10841 10893
338 10854 10909
339 10866 10934
340 10904 10971
341 10911 10946
342 10937 11037
343 10954 10995
344 10999 11097
345 11040 11088
346 11045 11055
347 11051 11092
348 11066 11073
349 11070 11129
350 11073 11111
351 11076 11096
352 11094 11171
353 11104 11140
354 11120 11126
355 11128 11210
356 11134 11204
357 11138 11172
358 11216 11275
359 11282 11324
360 11299 11317
361 11321 11342
362 11420 11422
363 11502 11533
364 11502 11594
365 11505 11602
366 11619 11645
367 11689 11704
368 11704 11736
369 11731 11775
370 11819 11884
371 11845 11889
372 11845 11861
373 11853 11854
374 11876 11945
375 12002 12092
376 12003 12031
377 12067 12131
378 12074 12081
379 12092 12125
380 12099 12156
381 12104 12164
382 12105 12184
383 12106 12107
384 12123 12207
385 12162 12235
386 12164 12244
387 12175 12205
388 12219 12242
389 12251 12324
390 12259 12290
391 12260 12262
392 12270 12329
393 12298 12342
394 12346 12421
395 12359 12395
396 12366 12436
397 12406 12453
398 12412 12498
399 12415 12493
400 12480 12531
401 12577 12635
402 12587 12685
403 12598 12605
404 12628 12687
405 12642 12655
406 12719 12767
407 12848 12897
408 12867 12892
409 12891 12923
410 12949 13007
411 12999 13075
412 13021 13030
413 13056 13082
414 13080 13094
415 13094 13165
416 13130 13143
417 13134 13173
418 13140 13208
419 13157 13187
420 13203 13249
421 13222 13240
422 13325 13381
423 13353 13402
424 13413 13478
425 13415 13512
426 13436 13497
427 13551 13603
428 13592 13622
429 13618 13662
430 13623 13700
431 13645 13705
432 13657 13705
433 13716 13801
434 13756 13770
435 13781 13790
436 13786 13788
437 13857 13887
438 13896 13975
439 13902 14000
440 13931 14024
441 13958 14039
442 13980 14033
443 14002 14077
444 14038 14044
445 14052 14141
446 14083 14149
447 14096 14108
448 14145 14146
449 14145 14152
450 14157 14225
451 14174 14261
452 14176 14185
453 14179 14189
454 14251 14321
455 14251 14297
456 14267 14358
457 14282 14339
458 14283 14300
459 14352 14388
460 14372 14412
461 14407 14472
462 14409 14449
463 14507 14559
464 14508 14536
465 14511 14537
466 14588 14667
467 14599 14627
468 14601 14606
469 14669 14741
470 14694 14717
471 14702 14730
472 14744 14825
473 14789 14849
474 14836 14837
475 14851 14869
476 14909 14966
477 14910 14994
478 14923 14929
479 14967 15064
480 14968 15068
481 15007 15014
482 15054 15069
483 15095 15123
484 15105 15113
485 15111 15134
486 15143 15196
487 15153 15227
488 15159 15250
489 15194 15215
490 15195 15278
491 15251 15297
492 15284 15331
493 15317 15362
494 15320 15343
495 15356 15419
496 15358 15457
497 15371 15411
498 15376 15385
499 15399 15452
500 15400 15480
501 15423 15428
502 15488 15557
503 15492 15498
504 15540 15605
505 15552 15557
506 15591 15635
507 15595 15681
508 15637 15665
509 15642 15697
510 15655 15706
511 15659 15712
512 15742 15770
513 15763 15831
514 15879 15931
515 15940 16001
516 15947 15978
517 15950 15958
518 15957 16026
519 15981 15999
520 16068 16103
521 16068 16108
522 16173 16190
523 16208 16216
524 16256 16343
525 16322 16382
526 16329 16351
527 16353 16415
528 16385 16438
529 16483 16485
530 16488 16580
531 16584 16593
532 16633 16686
533 16660 16707
534 16682 16728
535 16692 16711
536 16741 16746
537 16745 16767
538 16812 16836
539 16837 16908
540 16884 16915
541 16905 16952
542 16923 16948
543 16969 17062
544 16979 17052
545 16985 17055
546 16990 17031
547 17043 17130
548 17052 17069
549 17059 17130
550 17060 17065
551 17104 17110
552 17112 17192
553 17130 17211
554 17149 17222
555 17152 17180
556 17161 17174
557 17168 17191
558 17189 17233
559 17277 17350
560 17319 17365
561 17387 17487
562 17422 17452
563 17435 17463
564 17481 17562
565 17491 17547
566 17510 17601
567 17519 17550
568 17526 17564
569 17568 17590
570 17571 17583
571 17631 17695
572 17635 17649
573 17659 17675
574 17750 17771
575 17766 17811
576 17771 17862
577 17841 17922
578 17920 17975
579 17932 17957
580 17968 18016
581 18041 18134
582 18041 18059
583 18090 18148
584 18139 18205
585 18238 18336
586 18278 18320
587 18303 18314
588 18366 18427
589 18395 18460
590 18437 18520
591 18440 18450
592 18448 18454
593 18473 18522
594 18480 18493
595 18524 18617
596 18537 18585
597 18658 18689
598 18676 18734
599 18740 18760
600 18769 18839
601 18837 18861
602 18838 18896
603 18888 18943
604 18894 18900
605 18931 19005
606 18957 18988
607 19021 19080
608 19055 19152
609 19093 19121
610 19094 19182
611 19122 19176
612 19154 19201
613 19213 19289
614 19252 19335
615 19272 19355
616 19312 19389
617 19359 19385
618 19376 19381
619 19376 19422
620 19429 19518
621 19436 19516
622 19437 19478
623 19445 19446
624 19491 19494
625 19493 19516
626 19525 19623
627 19559 19562
628 19597 19697
629 19668 19729
630 19685 19739
631 19707 19773
632 19713 19780
633 19751 19835
634 19810 19855
635 19837 19880
636 19842 19899
637 19880 19938
638 19881 19914
639 19890 19910
640 19954 19959
641 19959 19974
642 19990 20045
643 20019 20090
644 20023 20035
645 20034 20042
646 20035 20105
647 20039 20071
648 20059 20121
649 20060 20114
650 20084 20161
651 20093 20171
652 20116 20146
653 20122 20159
654 20132 20135
655 20144 20169
656 20172 20196
657 20209 20263
658 20221 20250
659 20286 20289
660 20293 20329
661 20364 20421
662 20380 20463
663 20414 20450
664 20452 20509
665 20459 20550
666 20475 20558
667 20478 20499
668 20574 20659
669 20615 20682
670 20734 20822
671 20744 20813
672 20812 20819
673 20887 20896
674 20890 20912
675 20892 20914
676 20913 20950
677 20999 21019
678 21002 21081
679 21013 21071
680 21046 21084
681 21054 21127
682 21199 21234
683 21228 21236
684 21265 21289
685 21292 21355
686 21305 21349
687 21341 21391
688 21426 21453
689 21428 21495
690 21431 21510
691 21464 21512
692 21475 21559
693 21518 21583
694 21525 21565
695 21559 21643
696 21572 21616
697 21594 21616
698 21616 21624
699 21626 21687
700 21636 21639
701 21670 21760
702 21670 21680
703 21673 21755
704 21677 21769
705 21741 21753
706 21741 21789
707 21742 21796
708 21755 21819
709 21760 21806
710 21771 21779
711 21871 21912
712 21880 21893
713 21889 21988
714 21897 21949
715 21910 21944
716 21916 21922
717 21984 22026
718 22003 22011
719 22025 22111
720 22096 22179
721 22105 22190
722 22199 22255
723 22207 22283
724 22225 22236
725 22228 22230
726 22303 22386
727 22305 22313
728 22378 22429
729 22395 22467
 maxL 100

730 22419 22535
731 22421 22452
732 22427 22465
733 22429 22445
734 22463 22556
735 22502 22544
736 22545 22568
737 22578 22678
738 22596 22674
739 22606 22655
740 22608 22609
741 22617 22619
742 22702 22776
743 22822 22858
744 22851 22921
745 22861 22948
746 22866 22876
747 22891 22904
748 22912 22930
749 22925 23008
750 22992 22993
751 23062 23087
752 23147 23218
753 23172 23188
754 23214 23312
755 23218 23308
756 23321 23339
757 23353 23409
758 23359 23441
759 23374 23455
760 23408 23420
761 23472 23565
762 23680 23690
763 23693 23700
764 23724 23728
765 23749 23750
766 23774 23850
767 23778 23851
768 23787 23797
769 23795 23895
770 23826 23913
771 23892 23969
772 23899 23969
773 23904 23977
774 23909 23993
775 23917 23983
776 23982 24025
777 24001 24019
778 24008 24028
779 24053 24097
780 24057 24149
781 24065 24092
782 24067 24148
783 24151 24248
784 24168 24204
785 24188 24198
786 24275 24278
787 24280 24320
788 24283 24314
789 24321 24322
790 24344 24372
791 24346 24424
792 24350 24385
793 24389 24393
794 24391 24466
795 24440 24505
796 24472 24475
797 24478 24485
798 24479 24524
799 24487 24543
800 24491 24519
801 24531 24628
802 24539 24609
803 24590 24658
804 24728 24791
805 24798 24846
806 24802 24827
807 24814 24840
808 24834 24868
809 24841 24876
810 24868 24874
811 24871 24916
812 24895 24912
813 24910 25003
814 24995 25062
815 25142 25220
816 25155 25213
817 25195 25269
818 25215 25300
819 25244 25304
820 25246 25272
821 25251 25325
822 25289 25336
823 25331 25412
824 25331 25347
825 25378 25458
826 25404 25472
827 25409 25430
828 25479 25482
829 25480 25545
830 25493 25576
831 25517 25518
832 25549 25591
833 25563 25569
834 25587 25659
835 25589 25677
836 25590 25628
837 25597 25630
838 25652 25718
839 25801 25878
840 25851 25939
841 25858 25872
842 25865 25946
843 25867 25901
844 25879 25975
845 25923 25993
846 25927 26025
847 25973 26004
848 25995 25997
849 26022 26065
850 26085 26102
851 26107 26138
852 26134 26173
853 26134 26214
854 26175 26224
855 26182 26240
856 26202 26277
857 26204 26259
858 26207 26252
859 26250 26331
860 26254 26283
861 26273 26355
862 26277 26339
863 26299 26396
864 26439 26440
865 26546 26625
866 26582 26658
867 26735 26752
868 26736 26775
869 26770 26799
870 26781 26793
871 26838 26900
872 26839 26862
873 26847 26937
874 26873 26952
875 26902 26907
876 26922 27016
877 26944 27006
878 26964 27047
879 26993 27052
880 26994 27055
881 27001 27100
882 27008 27068
883 27033 27096
884 27103 27127
885 27197 27253
886 27259 27357
887 27264 27333
888 27299 27340
889 27384 27411
890 27416 27462
891 27455 27463
892 27480 27545
893 27492 27542
894 27501 27502
895 27501 27541
896 27506 27547
897 27567 27576
898 27640 27663
899 27688 27778
900 27703 27774
901 27719 27785
902 27731 27761
903 27761 27822
904 27819 27846
905 27820 27890
906 27849 27852
907 27850 27896
908 27932 27953
909 28081 28127
910 28146 28176
911 28150 28239
912 28309 28336
913 28335 28394
914 28376 28438
915 28400 28493
916 28412 28417
917 28430 28462
918 28433 28516
919 28439 28507
920 28452 28471
921 28530 28582
922 28555 28635
923 28625 28657
924 28834 28923
925 28928 29023
926 28976 29027
927 28988 29066
928 29009 29107
929 29016 29100
930 29064 29094
931 29171 29235
932 29196 29201
933 29204 29222
934 29238 29315
935 29251 29308
936 29335 29352
937 29536 29630
938 29584 29606
939 29679 29701
940 29725 29822
941 29726 29774
942 29785 29828
943 29838 29858
944 29887 29937
945 29897 29933
946 29898 29960
947 29904 29991
948 29910 30008
949 29921 29982
950 29941 29964
951 30002 30068
952 30116 30168
953 30184 30194
954 30252 30332
955 30268 30331
956 30357 30392
957 30363 30372
958 30366 30440
959 30371 30461
960 30396 30471
961 30479 30557
962 30617 30658
963 30630 30709
964 30647 30723
965 30741 30798
966 30763 30779
967 30794 30825
968 30814 30820
969 30823 30888
970 30856 30861
971 30857 30910
972 30920 30933
973 30921 30971
974 31031 31039
975 31081 31179
976 31095 31157
977 31176 31268
978 31236 31327
979 31243 31264
980 31355 31407
981 31374 31391
982 31406 31421
983 31470 31553
984 31482 31567
985 31541 31618
986 31553 31555
987 31685 31739
988 31734 31784
989 31758 31810
990 31772 31838
991 31842 31940
992 31853 31915
993 31861 31877
994 31870 31957
995 31882 31912
996 31901 31990
997 31954 31989
116 184
